<?xml version="1.0" encoding="UTF-8"?>
<testsuite xmlns:xsi="http://www.w3.org/2001/XMLSchema-instance" xsi:noNamespaceSchemaLocation="https://maven.apache.org/surefire/maven-surefire-plugin/xsd/surefire-test-report.xsd" name="ec.gob.dinardap.geografico.AppTest" time="0.028" tests="1" errors="0" skipped="0" failures="0">
  <properties>
    <property name="sun.desktop" value="gnome"/>
    <property name="awt.toolkit" value="sun.awt.X11.XToolkit"/>
    <property name="file.encoding.pkg" value="sun.io"/>
    <property name="java.specification.version" value="1.8"/>
    <property name="sun.cpu.isalist" value=""/>
    <property name="sun.jnu.encoding" value="UTF-8"/>
    <property name="java.class.path" value="/home/marcelo/workspaces/workspacePhoton/dinardap-geografico/dinardap-geografico-ejb/target/test-classes:/home/marcelo/workspaces/workspacePhoton/dinardap-geografico/dinardap-geografico-ejb/target/classes:/home/marcelo/tools/repositorio/javax/javaee-api/8.0/javaee-api-8.0.jar:/home/marcelo/tools/repositorio/com/sun/mail/javax.mail/1.6.0/javax.mail-1.6.0.jar:/home/marcelo/tools/repositorio/javax/activation/activation/1.1/activation-1.1.jar:/home/marcelo/tools/repositorio/org/hibernate/hibernate-core/5.4.0.Final/hibernate-core-5.4.0.Final.jar:/home/marcelo/tools/repositorio/org/jboss/logging/jboss-logging/3.3.2.Final/jboss-logging-3.3.2.Final.jar:/home/marcelo/tools/repositorio/javax/persistence/javax.persistence-api/2.2/javax.persistence-api-2.2.jar:/home/marcelo/tools/repositorio/org/javassist/javassist/3.24.0-GA/javassist-3.24.0-GA.jar:/home/marcelo/tools/repositorio/net/bytebuddy/byte-buddy/1.9.5/byte-buddy-1.9.5.jar:/home/marcelo/tools/repositorio/antlr/antlr/2.7.7/antlr-2.7.7.jar:/home/marcelo/tools/repositorio/org/jboss/spec/javax/transaction/jboss-transaction-api_1.2_spec/1.1.1.Final/jboss-transaction-api_1.2_spec-1.1.1.Final.jar:/home/marcelo/tools/repositorio/org/jboss/jandex/2.0.5.Final/jandex-2.0.5.Final.jar:/home/marcelo/tools/repositorio/com/fasterxml/classmate/1.3.4/classmate-1.3.4.jar:/home/marcelo/tools/repositorio/javax/activation/javax.activation-api/1.2.0/javax.activation-api-1.2.0.jar:/home/marcelo/tools/repositorio/org/hibernate/common/hibernate-commons-annotations/5.1.0.Final/hibernate-commons-annotations-5.1.0.Final.jar:/home/marcelo/tools/repositorio/javax/xml/bind/jaxb-api/2.3.1/jaxb-api-2.3.1.jar:/home/marcelo/tools/repositorio/org/glassfish/jaxb/jaxb-runtime/2.3.1/jaxb-runtime-2.3.1.jar:/home/marcelo/tools/repositorio/org/glassfish/jaxb/txw2/2.3.1/txw2-2.3.1.jar:/home/marcelo/tools/repositorio/com/sun/istack/istack-commons-runtime/3.0.7/istack-commons-runtime-3.0.7.jar:/home/marcelo/tools/repositorio/org/jvnet/staxex/stax-ex/1.8/stax-ex-1.8.jar:/home/marcelo/tools/repositorio/com/sun/xml/fastinfoset/FastInfoset/1.2.15/FastInfoset-1.2.15.jar:/home/marcelo/tools/repositorio/org/dom4j/dom4j/2.1.1/dom4j-2.1.1.jar:/home/marcelo/tools/repositorio/commons-io/commons-io/2.6/commons-io-2.6.jar:/home/marcelo/tools/repositorio/junit/junit/4.11/junit-4.11.jar:/home/marcelo/tools/repositorio/org/hamcrest/hamcrest-core/1.3/hamcrest-core-1.3.jar:/home/marcelo/tools/repositorio/ec/gob/dinardap/util/dinardap-util/1.0-SNAPSHOT/dinardap-util-1.0-SNAPSHOT.jar:/home/marcelo/tools/repositorio/org/slf4j/slf4j-api/1.7.25/slf4j-api-1.7.25.jar:/home/marcelo/tools/repositorio/org/apache/commons/commons-lang3/3.8.1/commons-lang3-3.8.1.jar:/home/marcelo/tools/repositorio/org/springframework/spring-core/5.1.4.RELEASE/spring-core-5.1.4.RELEASE.jar:/home/marcelo/tools/repositorio/org/springframework/spring-jcl/5.1.4.RELEASE/spring-jcl-5.1.4.RELEASE.jar:/home/marcelo/tools/repositorio/org/springframework/spring-beans/5.1.4.RELEASE/spring-beans-5.1.4.RELEASE.jar:/home/marcelo/tools/repositorio/org/springframework/spring-orm/5.1.4.RELEASE/spring-orm-5.1.4.RELEASE.jar:/home/marcelo/tools/repositorio/org/springframework/spring-jdbc/5.1.4.RELEASE/spring-jdbc-5.1.4.RELEASE.jar:/home/marcelo/tools/repositorio/org/springframework/spring-tx/5.1.4.RELEASE/spring-tx-5.1.4.RELEASE.jar:/home/marcelo/tools/repositorio/org/springframework/org.springframework.transaction/3.1.0.M1/org.springframework.transaction-3.1.0.M1.jar:/home/marcelo/tools/repositorio/ec/gob/dinardap/seguridad/dinardap-seguridad-ejb/1.0-SNAPSHOT/dinardap-seguridad-ejb-1.0-SNAPSHOT.jar:"/>
    <property name="java.vm.vendor" value="Oracle Corporation"/>
    <property name="sun.arch.data.model" value="64"/>
    <property name="java.vendor.url" value="http://java.oracle.com/"/>
    <property name="user.timezone" value=""/>
    <property name="java.vm.specification.version" value="1.8"/>
    <property name="os.name" value="Linux"/>
    <property name="user.country" value="EC"/>
    <property name="sun.java.launcher" value="SUN_STANDARD"/>
    <property name="sun.boot.library.path" value="/usr/java/jdk1.8.0_131/jre/lib/amd64"/>
    <property name="sun.java.command" value="/home/marcelo/workspaces/workspacePhoton/dinardap-geografico/dinardap-geografico-ejb/target/surefire/surefirebooter1432025790255958197.jar /home/marcelo/workspaces/workspacePhoton/dinardap-geografico/dinardap-geografico-ejb/target/surefire 2019-12-02T16-50-52_367-jvmRun1 surefire2341390441592995918tmp surefire_02168982139591494231tmp"/>
    <property name="surefire.test.class.path" value="/home/marcelo/workspaces/workspacePhoton/dinardap-geografico/dinardap-geografico-ejb/target/test-classes:/home/marcelo/workspaces/workspacePhoton/dinardap-geografico/dinardap-geografico-ejb/target/classes:/home/marcelo/tools/repositorio/javax/javaee-api/8.0/javaee-api-8.0.jar:/home/marcelo/tools/repositorio/com/sun/mail/javax.mail/1.6.0/javax.mail-1.6.0.jar:/home/marcelo/tools/repositorio/javax/activation/activation/1.1/activation-1.1.jar:/home/marcelo/tools/repositorio/org/hibernate/hibernate-core/5.4.0.Final/hibernate-core-5.4.0.Final.jar:/home/marcelo/tools/repositorio/org/jboss/logging/jboss-logging/3.3.2.Final/jboss-logging-3.3.2.Final.jar:/home/marcelo/tools/repositorio/javax/persistence/javax.persistence-api/2.2/javax.persistence-api-2.2.jar:/home/marcelo/tools/repositorio/org/javassist/javassist/3.24.0-GA/javassist-3.24.0-GA.jar:/home/marcelo/tools/repositorio/net/bytebuddy/byte-buddy/1.9.5/byte-buddy-1.9.5.jar:/home/marcelo/tools/repositorio/antlr/antlr/2.7.7/antlr-2.7.7.jar:/home/marcelo/tools/repositorio/org/jboss/spec/javax/transaction/jboss-transaction-api_1.2_spec/1.1.1.Final/jboss-transaction-api_1.2_spec-1.1.1.Final.jar:/home/marcelo/tools/repositorio/org/jboss/jandex/2.0.5.Final/jandex-2.0.5.Final.jar:/home/marcelo/tools/repositorio/com/fasterxml/classmate/1.3.4/classmate-1.3.4.jar:/home/marcelo/tools/repositorio/javax/activation/javax.activation-api/1.2.0/javax.activation-api-1.2.0.jar:/home/marcelo/tools/repositorio/org/hibernate/common/hibernate-commons-annotations/5.1.0.Final/hibernate-commons-annotations-5.1.0.Final.jar:/home/marcelo/tools/repositorio/javax/xml/bind/jaxb-api/2.3.1/jaxb-api-2.3.1.jar:/home/marcelo/tools/repositorio/org/glassfish/jaxb/jaxb-runtime/2.3.1/jaxb-runtime-2.3.1.jar:/home/marcelo/tools/repositorio/org/glassfish/jaxb/txw2/2.3.1/txw2-2.3.1.jar:/home/marcelo/tools/repositorio/com/sun/istack/istack-commons-runtime/3.0.7/istack-commons-runtime-3.0.7.jar:/home/marcelo/tools/repositorio/org/jvnet/staxex/stax-ex/1.8/stax-ex-1.8.jar:/home/marcelo/tools/repositorio/com/sun/xml/fastinfoset/FastInfoset/1.2.15/FastInfoset-1.2.15.jar:/home/marcelo/tools/repositorio/org/dom4j/dom4j/2.1.1/dom4j-2.1.1.jar:/home/marcelo/tools/repositorio/commons-io/commons-io/2.6/commons-io-2.6.jar:/home/marcelo/tools/repositorio/junit/junit/4.11/junit-4.11.jar:/home/marcelo/tools/repositorio/org/hamcrest/hamcrest-core/1.3/hamcrest-core-1.3.jar:/home/marcelo/tools/repositorio/ec/gob/dinardap/util/dinardap-util/1.0-SNAPSHOT/dinardap-util-1.0-SNAPSHOT.jar:/home/marcelo/tools/repositorio/org/slf4j/slf4j-api/1.7.25/slf4j-api-1.7.25.jar:/home/marcelo/tools/repositorio/org/apache/commons/commons-lang3/3.8.1/commons-lang3-3.8.1.jar:/home/marcelo/tools/repositorio/org/springframework/spring-core/5.1.4.RELEASE/spring-core-5.1.4.RELEASE.jar:/home/marcelo/tools/repositorio/org/springframework/spring-jcl/5.1.4.RELEASE/spring-jcl-5.1.4.RELEASE.jar:/home/marcelo/tools/repositorio/org/springframework/spring-beans/5.1.4.RELEASE/spring-beans-5.1.4.RELEASE.jar:/home/marcelo/tools/repositorio/org/springframework/spring-orm/5.1.4.RELEASE/spring-orm-5.1.4.RELEASE.jar:/home/marcelo/tools/repositorio/org/springframework/spring-jdbc/5.1.4.RELEASE/spring-jdbc-5.1.4.RELEASE.jar:/home/marcelo/tools/repositorio/org/springframework/spring-tx/5.1.4.RELEASE/spring-tx-5.1.4.RELEASE.jar:/home/marcelo/tools/repositorio/org/springframework/org.springframework.transaction/3.1.0.M1/org.springframework.transaction-3.1.0.M1.jar:/home/marcelo/tools/repositorio/ec/gob/dinardap/seguridad/dinardap-seguridad-ejb/1.0-SNAPSHOT/dinardap-seguridad-ejb-1.0-SNAPSHOT.jar:"/>
    <property name="sun.cpu.endian" value="little"/>
    <property name="user.home" value="/home/marcelo"/>
    <property name="user.language" value="es"/>
    <property name="java.specification.vendor" value="Oracle Corporation"/>
    <property name="java.home" value="/usr/java/jdk1.8.0_131/jre"/>
    <property name="basedir" value="/home/marcelo/workspaces/workspacePhoton/dinardap-geografico/dinardap-geografico-ejb"/>
    <property name="file.separator" value="/"/>
    <property name="line.separator" value="&#10;"/>
    <property name="java.vm.specification.vendor" value="Oracle Corporation"/>
    <property name="java.specification.name" value="Java Platform API Specification"/>
    <property name="java.awt.graphicsenv" value="sun.awt.X11GraphicsEnvironment"/>
    <property name="surefire.real.class.path" value="/home/marcelo/workspaces/workspacePhoton/dinardap-geografico/dinardap-geografico-ejb/target/surefire/surefirebooter1432025790255958197.jar"/>
    <property name="sun.boot.class.path" value="/usr/java/jdk1.8.0_131/jre/lib/resources.jar:/usr/java/jdk1.8.0_131/jre/lib/rt.jar:/usr/java/jdk1.8.0_131/jre/lib/sunrsasign.jar:/usr/java/jdk1.8.0_131/jre/lib/jsse.jar:/usr/java/jdk1.8.0_131/jre/lib/jce.jar:/usr/java/jdk1.8.0_131/jre/lib/charsets.jar:/usr/java/jdk1.8.0_131/jre/lib/jfr.jar:/usr/java/jdk1.8.0_131/jre/classes"/>
    <property name="sun.management.compiler" value="HotSpot 64-Bit Tiered Compilers"/>
    <property name="java.runtime.version" value="1.8.0_131-b11"/>
    <property name="user.name" value="marcelo"/>
    <property name="path.separator" value=":"/>
    <property name="os.version" value="4.15.0-55-generic"/>
    <property name="java.endorsed.dirs" value="/usr/java/jdk1.8.0_131/jre/lib/endorsed"/>
    <property name="java.runtime.name" value="Java(TM) SE Runtime Environment"/>
    <property name="file.encoding" value="UTF-8"/>
    <property name="java.vm.name" value="Java HotSpot(TM) 64-Bit Server VM"/>
    <property name="localRepository" value="/home/marcelo/tools/repositorio"/>
    <property name="java.vendor.url.bug" value="http://bugreport.sun.com/bugreport/"/>
    <property name="java.io.tmpdir" value="/tmp"/>
    <property name="java.version" value="1.8.0_131"/>
    <property name="user.dir" value="/home/marcelo/workspaces/workspacePhoton/dinardap-geografico/dinardap-geografico-ejb"/>
    <property name="os.arch" value="amd64"/>
    <property name="java.vm.specification.name" value="Java Virtual Machine Specification"/>
    <property name="java.awt.printerjob" value="sun.print.PSPrinterJob"/>
    <property name="sun.os.patch.level" value="unknown"/>
    <property name="java.library.path" value="/usr/java/packages/lib/amd64:/usr/lib64:/lib64:/lib:/usr/lib"/>
    <property name="java.vm.info" value="mixed mode"/>
    <property name="java.vendor" value="Oracle Corporation"/>
    <property name="java.vm.version" value="25.131-b11"/>
    <property name="java.ext.dirs" value="/usr/java/jdk1.8.0_131/jre/lib/ext:/usr/java/packages/lib/ext"/>
    <property name="sun.io.unicode.encoding" value="UnicodeLittle"/>
    <property name="java.class.version" value="52.0"/>
  </properties>
  <testcase name="shouldAnswerWithTrue" classname="ec.gob.dinardap.geografico.AppTest" time="0.002"/>
</testsuite>