<?xml version="1.0" encoding="UTF-8"?>
<testsuite xmlns:xsi="http://www.w3.org/2001/XMLSchema-instance" xsi:noNamespaceSchemaLocation="https://maven.apache.org/surefire/maven-surefire-plugin/xsd/surefire-test-report.xsd" name="ec.gob.dinardap.geografico.AppTest" time="0.043" tests="1" errors="0" skipped="0" failures="0">
  <properties>
    <property name="sun.desktop" value="gnome"/>
    <property name="awt.toolkit" value="sun.awt.X11.XToolkit"/>
    <property name="file.encoding.pkg" value="sun.io"/>
    <property name="java.specification.version" value="1.8"/>
    <property name="sun.cpu.isalist" value=""/>
    <property name="sun.jnu.encoding" value="UTF-8"/>
    <property name="java.class.path" value="/home/marcelo/workspaces/workspacePhoton/dinardap-geografico/dinardap-geografico-web/target/test-classes:/home/marcelo/workspaces/workspacePhoton/dinardap-geografico/dinardap-geografico-web/target/classes:/home/marcelo/tools/repositorio/javax/javaee-web-api/8.0/javaee-web-api-8.0.jar:/home/marcelo/tools/repositorio/javax/javaee-api/8.0/javaee-api-8.0.jar:/home/marcelo/tools/repositorio/com/sun/mail/javax.mail/1.6.0/javax.mail-1.6.0.jar:/home/marcelo/tools/repositorio/javax/activation/activation/1.1/activation-1.1.jar:/home/marcelo/tools/repositorio/javax/enterprise/cdi-api/2.0.SP1/cdi-api-2.0.SP1.jar:/home/marcelo/tools/repositorio/javax/el/javax.el-api/3.0.0/javax.el-api-3.0.0.jar:/home/marcelo/tools/repositorio/javax/interceptor/javax.interceptor-api/1.2/javax.interceptor-api-1.2.jar:/home/marcelo/tools/repositorio/javax/inject/javax.inject/1/javax.inject-1.jar:/home/marcelo/tools/repositorio/javax/faces/javax.faces-api/2.3/javax.faces-api-2.3.jar:/home/marcelo/tools/repositorio/commons-fileupload/commons-fileupload/1.4/commons-fileupload-1.4.jar:/home/marcelo/tools/repositorio/commons-io/commons-io/2.2/commons-io-2.2.jar:/home/marcelo/tools/repositorio/org/webjars/font-awesome/5.1.0/font-awesome-5.1.0.jar:/home/marcelo/tools/repositorio/net/bootsfaces/bootsfaces/1.4.1/bootsfaces-1.4.1.jar:/home/marcelo/tools/repositorio/org/primefaces/primefaces/6.2/primefaces-6.2.jar:/home/marcelo/tools/repositorio/org/primefaces/themes/humanity/1.0.10/humanity-1.0.10.jar:/home/marcelo/tools/repositorio/org/apache/poi/poi/4.0.1/poi-4.0.1.jar:/home/marcelo/tools/repositorio/commons-codec/commons-codec/1.11/commons-codec-1.11.jar:/home/marcelo/tools/repositorio/org/apache/commons/commons-collections4/4.2/commons-collections4-4.2.jar:/home/marcelo/tools/repositorio/org/apache/commons/commons-math3/3.6.1/commons-math3-3.6.1.jar:/home/marcelo/tools/repositorio/org/apache/poi/poi-ooxml/4.0.1/poi-ooxml-4.0.1.jar:/home/marcelo/tools/repositorio/org/apache/poi/poi-ooxml-schemas/4.0.1/poi-ooxml-schemas-4.0.1.jar:/home/marcelo/tools/repositorio/org/apache/xmlbeans/xmlbeans/3.0.2/xmlbeans-3.0.2.jar:/home/marcelo/tools/repositorio/org/apache/commons/commons-compress/1.18/commons-compress-1.18.jar:/home/marcelo/tools/repositorio/com/github/virtuald/curvesapi/1.05/curvesapi-1.05.jar:/home/marcelo/tools/repositorio/com/lowagie/itext/2.1.7/itext-2.1.7.jar:/home/marcelo/tools/repositorio/bouncycastle/bcmail-jdk14/138/bcmail-jdk14-138.jar:/home/marcelo/tools/repositorio/bouncycastle/bcprov-jdk14/138/bcprov-jdk14-138.jar:/home/marcelo/tools/repositorio/org/bouncycastle/bctsp-jdk14/1.38/bctsp-jdk14-1.38.jar:/home/marcelo/tools/repositorio/org/bouncycastle/bcprov-jdk14/1.38/bcprov-jdk14-1.38.jar:/home/marcelo/tools/repositorio/org/bouncycastle/bcmail-jdk14/1.38/bcmail-jdk14-1.38.jar:/home/marcelo/tools/repositorio/junit/junit/4.11/junit-4.11.jar:/home/marcelo/tools/repositorio/org/hamcrest/hamcrest-core/1.3/hamcrest-core-1.3.jar:/home/marcelo/tools/repositorio/ec/gob/dinardap/seguridad/dinardap-seguridad-ejb/1.0-SNAPSHOT/dinardap-seguridad-ejb-1.0-SNAPSHOT.jar:/home/marcelo/tools/repositorio/ec/gob/dinardap/util/dinardap-util/1.0-SNAPSHOT/dinardap-util-1.0-SNAPSHOT.jar:/home/marcelo/tools/repositorio/org/slf4j/slf4j-api/1.7.25/slf4j-api-1.7.25.jar:/home/marcelo/tools/repositorio/org/apache/commons/commons-lang3/3.8.1/commons-lang3-3.8.1.jar:/home/marcelo/tools/repositorio/org/springframework/spring-core/5.1.4.RELEASE/spring-core-5.1.4.RELEASE.jar:/home/marcelo/tools/repositorio/org/springframework/spring-jcl/5.1.4.RELEASE/spring-jcl-5.1.4.RELEASE.jar:/home/marcelo/tools/repositorio/org/springframework/spring-beans/5.1.4.RELEASE/spring-beans-5.1.4.RELEASE.jar:/home/marcelo/tools/repositorio/org/springframework/spring-orm/5.1.4.RELEASE/spring-orm-5.1.4.RELEASE.jar:/home/marcelo/tools/repositorio/org/springframework/spring-jdbc/5.1.4.RELEASE/spring-jdbc-5.1.4.RELEASE.jar:/home/marcelo/tools/repositorio/org/springframework/spring-tx/5.1.4.RELEASE/spring-tx-5.1.4.RELEASE.jar:/home/marcelo/tools/repositorio/org/springframework/org.springframework.transaction/3.1.0.M1/org.springframework.transaction-3.1.0.M1.jar:/home/marcelo/tools/repositorio/ec/gob/dinardap/autorizacion/dinardap-autorizacion/1.0-SNAPSHOT/dinardap-autorizacion-1.0-SNAPSHOT.jar:/home/marcelo/tools/repositorio/com/google/code/gson/gson/2.8.5/gson-2.8.5.jar:/home/marcelo/workspaces/workspacePhoton/dinardap-geografico/dinardap-geografico-ejb/target/dinardap-geografico-ejb-1.0-SNAPSHOT.jar:"/>
    <property name="java.vm.vendor" value="Oracle Corporation"/>
    <property name="sun.arch.data.model" value="64"/>
    <property name="java.vendor.url" value="http://java.oracle.com/"/>
    <property name="user.timezone" value=""/>
    <property name="java.vm.specification.version" value="1.8"/>
    <property name="os.name" value="Linux"/>
    <property name="user.country" value="EC"/>
    <property name="sun.java.launcher" value="SUN_STANDARD"/>
    <property name="sun.boot.library.path" value="/usr/java/jdk1.8.0_131/jre/lib/amd64"/>
    <property name="sun.java.command" value="/home/marcelo/workspaces/workspacePhoton/dinardap-geografico/dinardap-geografico-web/target/surefire/surefirebooter8182121054861160465.jar /home/marcelo/workspaces/workspacePhoton/dinardap-geografico/dinardap-geografico-web/target/surefire 2019-12-23T08-49-50_850-jvmRun1 surefire5815298599809549801tmp surefire_18315079604477215508tmp"/>
    <property name="surefire.test.class.path" value="/home/marcelo/workspaces/workspacePhoton/dinardap-geografico/dinardap-geografico-web/target/test-classes:/home/marcelo/workspaces/workspacePhoton/dinardap-geografico/dinardap-geografico-web/target/classes:/home/marcelo/tools/repositorio/javax/javaee-web-api/8.0/javaee-web-api-8.0.jar:/home/marcelo/tools/repositorio/javax/javaee-api/8.0/javaee-api-8.0.jar:/home/marcelo/tools/repositorio/com/sun/mail/javax.mail/1.6.0/javax.mail-1.6.0.jar:/home/marcelo/tools/repositorio/javax/activation/activation/1.1/activation-1.1.jar:/home/marcelo/tools/repositorio/javax/enterprise/cdi-api/2.0.SP1/cdi-api-2.0.SP1.jar:/home/marcelo/tools/repositorio/javax/el/javax.el-api/3.0.0/javax.el-api-3.0.0.jar:/home/marcelo/tools/repositorio/javax/interceptor/javax.interceptor-api/1.2/javax.interceptor-api-1.2.jar:/home/marcelo/tools/repositorio/javax/inject/javax.inject/1/javax.inject-1.jar:/home/marcelo/tools/repositorio/javax/faces/javax.faces-api/2.3/javax.faces-api-2.3.jar:/home/marcelo/tools/repositorio/commons-fileupload/commons-fileupload/1.4/commons-fileupload-1.4.jar:/home/marcelo/tools/repositorio/commons-io/commons-io/2.2/commons-io-2.2.jar:/home/marcelo/tools/repositorio/org/webjars/font-awesome/5.1.0/font-awesome-5.1.0.jar:/home/marcelo/tools/repositorio/net/bootsfaces/bootsfaces/1.4.1/bootsfaces-1.4.1.jar:/home/marcelo/tools/repositorio/org/primefaces/primefaces/6.2/primefaces-6.2.jar:/home/marcelo/tools/repositorio/org/primefaces/themes/humanity/1.0.10/humanity-1.0.10.jar:/home/marcelo/tools/repositorio/org/apache/poi/poi/4.0.1/poi-4.0.1.jar:/home/marcelo/tools/repositorio/commons-codec/commons-codec/1.11/commons-codec-1.11.jar:/home/marcelo/tools/repositorio/org/apache/commons/commons-collections4/4.2/commons-collections4-4.2.jar:/home/marcelo/tools/repositorio/org/apache/commons/commons-math3/3.6.1/commons-math3-3.6.1.jar:/home/marcelo/tools/repositorio/org/apache/poi/poi-ooxml/4.0.1/poi-ooxml-4.0.1.jar:/home/marcelo/tools/repositorio/org/apache/poi/poi-ooxml-schemas/4.0.1/poi-ooxml-schemas-4.0.1.jar:/home/marcelo/tools/repositorio/org/apache/xmlbeans/xmlbeans/3.0.2/xmlbeans-3.0.2.jar:/home/marcelo/tools/repositorio/org/apache/commons/commons-compress/1.18/commons-compress-1.18.jar:/home/marcelo/tools/repositorio/com/github/virtuald/curvesapi/1.05/curvesapi-1.05.jar:/home/marcelo/tools/repositorio/com/lowagie/itext/2.1.7/itext-2.1.7.jar:/home/marcelo/tools/repositorio/bouncycastle/bcmail-jdk14/138/bcmail-jdk14-138.jar:/home/marcelo/tools/repositorio/bouncycastle/bcprov-jdk14/138/bcprov-jdk14-138.jar:/home/marcelo/tools/repositorio/org/bouncycastle/bctsp-jdk14/1.38/bctsp-jdk14-1.38.jar:/home/marcelo/tools/repositorio/org/bouncycastle/bcprov-jdk14/1.38/bcprov-jdk14-1.38.jar:/home/marcelo/tools/repositorio/org/bouncycastle/bcmail-jdk14/1.38/bcmail-jdk14-1.38.jar:/home/marcelo/tools/repositorio/junit/junit/4.11/junit-4.11.jar:/home/marcelo/tools/repositorio/org/hamcrest/hamcrest-core/1.3/hamcrest-core-1.3.jar:/home/marcelo/tools/repositorio/ec/gob/dinardap/seguridad/dinardap-seguridad-ejb/1.0-SNAPSHOT/dinardap-seguridad-ejb-1.0-SNAPSHOT.jar:/home/marcelo/tools/repositorio/ec/gob/dinardap/util/dinardap-util/1.0-SNAPSHOT/dinardap-util-1.0-SNAPSHOT.jar:/home/marcelo/tools/repositorio/org/slf4j/slf4j-api/1.7.25/slf4j-api-1.7.25.jar:/home/marcelo/tools/repositorio/org/apache/commons/commons-lang3/3.8.1/commons-lang3-3.8.1.jar:/home/marcelo/tools/repositorio/org/springframework/spring-core/5.1.4.RELEASE/spring-core-5.1.4.RELEASE.jar:/home/marcelo/tools/repositorio/org/springframework/spring-jcl/5.1.4.RELEASE/spring-jcl-5.1.4.RELEASE.jar:/home/marcelo/tools/repositorio/org/springframework/spring-beans/5.1.4.RELEASE/spring-beans-5.1.4.RELEASE.jar:/home/marcelo/tools/repositorio/org/springframework/spring-orm/5.1.4.RELEASE/spring-orm-5.1.4.RELEASE.jar:/home/marcelo/tools/repositorio/org/springframework/spring-jdbc/5.1.4.RELEASE/spring-jdbc-5.1.4.RELEASE.jar:/home/marcelo/tools/repositorio/org/springframework/spring-tx/5.1.4.RELEASE/spring-tx-5.1.4.RELEASE.jar:/home/marcelo/tools/repositorio/org/springframework/org.springframework.transaction/3.1.0.M1/org.springframework.transaction-3.1.0.M1.jar:/home/marcelo/tools/repositorio/ec/gob/dinardap/autorizacion/dinardap-autorizacion/1.0-SNAPSHOT/dinardap-autorizacion-1.0-SNAPSHOT.jar:/home/marcelo/tools/repositorio/com/google/code/gson/gson/2.8.5/gson-2.8.5.jar:/home/marcelo/workspaces/workspacePhoton/dinardap-geografico/dinardap-geografico-ejb/target/dinardap-geografico-ejb-1.0-SNAPSHOT.jar:"/>
    <property name="sun.cpu.endian" value="little"/>
    <property name="user.home" value="/home/marcelo"/>
    <property name="user.language" value="es"/>
    <property name="java.specification.vendor" value="Oracle Corporation"/>
    <property name="java.home" value="/usr/java/jdk1.8.0_131/jre"/>
    <property name="basedir" value="/home/marcelo/workspaces/workspacePhoton/dinardap-geografico/dinardap-geografico-web"/>
    <property name="file.separator" value="/"/>
    <property name="line.separator" value="&#10;"/>
    <property name="java.vm.specification.vendor" value="Oracle Corporation"/>
    <property name="java.specification.name" value="Java Platform API Specification"/>
    <property name="java.awt.graphicsenv" value="sun.awt.X11GraphicsEnvironment"/>
    <property name="surefire.real.class.path" value="/home/marcelo/workspaces/workspacePhoton/dinardap-geografico/dinardap-geografico-web/target/surefire/surefirebooter8182121054861160465.jar"/>
    <property name="sun.boot.class.path" value="/usr/java/jdk1.8.0_131/jre/lib/resources.jar:/usr/java/jdk1.8.0_131/jre/lib/rt.jar:/usr/java/jdk1.8.0_131/jre/lib/sunrsasign.jar:/usr/java/jdk1.8.0_131/jre/lib/jsse.jar:/usr/java/jdk1.8.0_131/jre/lib/jce.jar:/usr/java/jdk1.8.0_131/jre/lib/charsets.jar:/usr/java/jdk1.8.0_131/jre/lib/jfr.jar:/usr/java/jdk1.8.0_131/jre/classes"/>
    <property name="sun.management.compiler" value="HotSpot 64-Bit Tiered Compilers"/>
    <property name="java.runtime.version" value="1.8.0_131-b11"/>
    <property name="user.name" value="marcelo"/>
    <property name="path.separator" value=":"/>
    <property name="os.version" value="4.15.0-55-generic"/>
    <property name="java.endorsed.dirs" value="/usr/java/jdk1.8.0_131/jre/lib/endorsed"/>
    <property name="java.runtime.name" value="Java(TM) SE Runtime Environment"/>
    <property name="file.encoding" value="UTF-8"/>
    <property name="java.vm.name" value="Java HotSpot(TM) 64-Bit Server VM"/>
    <property name="localRepository" value="/home/marcelo/tools/repositorio"/>
    <property name="java.vendor.url.bug" value="http://bugreport.sun.com/bugreport/"/>
    <property name="java.io.tmpdir" value="/tmp"/>
    <property name="java.version" value="1.8.0_131"/>
    <property name="user.dir" value="/home/marcelo/workspaces/workspacePhoton/dinardap-geografico/dinardap-geografico-web"/>
    <property name="os.arch" value="amd64"/>
    <property name="java.vm.specification.name" value="Java Virtual Machine Specification"/>
    <property name="java.awt.printerjob" value="sun.print.PSPrinterJob"/>
    <property name="sun.os.patch.level" value="unknown"/>
    <property name="java.library.path" value="/usr/java/packages/lib/amd64:/usr/lib64:/lib64:/lib:/usr/lib"/>
    <property name="java.vm.info" value="mixed mode"/>
    <property name="java.vendor" value="Oracle Corporation"/>
    <property name="java.vm.version" value="25.131-b11"/>
    <property name="java.ext.dirs" value="/usr/java/jdk1.8.0_131/jre/lib/ext:/usr/java/packages/lib/ext"/>
    <property name="sun.io.unicode.encoding" value="UnicodeLittle"/>
    <property name="java.class.version" value="52.0"/>
  </properties>
  <testcase name="shouldAnswerWithTrue" classname="ec.gob.dinardap.geografico.AppTest" time="0.001"/>
</testsuite>